Build started 04/10/2013 8:37:44 AM.
     1>Project "D:\local\madesjardins\Obq_Shaders\OBQ_ARNOLD_SHADERS_GIT\Obq_Arnold_Shaders-master\win_VC++\Obq_Shaders.vcxproj" on node 2 (build target(s)).
     1>InitializeBuildStatus:
         Creating "x64\Release\Obq_Shaders.unsuccessfulbuild" because "AlwaysCreate" was specified.
       ClCompile:
         C:\Program Files (x86)\Microsoft Visual Studio 10.0\VC\bin\x86_amd64\CL.exe /c /I"D:\local\madesjardins\Arnold\Arnold-4.0.16.2-windows\include" /ID:\local\madesjardins\Softwares\glm /I..\src /I..\src\dte /I..\src\ldpk /I..\src\pbrt /I..\src\yafaray /Zi /nologo /W3 /WX- /O2 /Oi /GL /D WIN32 /D NDEBUG /D _WINDOWS /D _USRDLL /D OBQ_SHADERS_EXPORTS /D _WINDLL /D _UNICODE /D UNICODE /Gm- /EHsc /MD /GS /Gy /fp:precise /Zc:wchar_t /Zc:forScope /Fo"x64\Release\\" /Fd"x64\Release\vcWindows7.1SDK.pdb" /Gd /TP /errorReport:prompt ..\src\ObqISBrdf.cpp ..\src\Obq_AngularCamera.cpp ..\src\Obq_Atmosphere.cpp ..\src\Obq_Bend4Stereo.cpp ..\src\Obq_ChangeRange.cpp ..\src\Obq_Environment.cpp ..\src\Obq_Fresnel.cpp ..\src\Obq_Hair.cpp ..\src\Obq_IESLightFilter.cpp ..\src\Obq_MeasuredMaterial.cpp ..\src\Obq_Opacity.cpp ..\src\Obq_RandomColor.cpp ..\src\Obq_RGBComEmit.cpp ..\src\Obq_RGBComLightFilter.cpp ..\src\Obq_Root2Tip.cpp ..\src\Obq_Shaders.cpp ..\src\Obq_Shadow.cpp ..\src\Obq_StereoLens.cpp ..\src\Obq_SurfaceEnvironment.cpp ..\src\Obq_Thickness.cpp ..\src\Obq_TransformUV.cpp ..\src\Obq_UVRemapLensDistortion.cpp ..\src\Obq_VolumeThickness.cpp ..\src\pbrt\spectrum.cpp
         ObqISBrdf.cpp
     1>d:\local\madesjardins\obq_shaders\obq_arnold_shaders_git\obq_arnold_shaders-master\src\Obq_BrdfRead.h(357): warning C4996: 'fopen': This function or variable may be unsafe. Consider using fopen_s instead. To disable deprecation, use _CRT_SECURE_NO_WARNINGS. See online help for details.
                 C:\Program Files (x86)\Microsoft Visual Studio 10.0\VC\include\stdio.h(234) : see declaration of 'fopen'
     1>..\src\ObqISBrdf.cpp(223): warning C4996: 'fopen': This function or variable may be unsafe. Consider using fopen_s instead. To disable deprecation, use _CRT_SECURE_NO_WARNINGS. See online help for details.
                 C:\Program Files (x86)\Microsoft Visual Studio 10.0\VC\include\stdio.h(234) : see declaration of 'fopen'
         Obq_AngularCamera.cpp
         Obq_Atmosphere.cpp
         Obq_Bend4Stereo.cpp
         Obq_ChangeRange.cpp
         Obq_Environment.cpp
         Obq_Fresnel.cpp
         Obq_Hair.cpp
     1>d:\local\madesjardins\obq_shaders\obq_arnold_shaders_git\obq_arnold_shaders-master\src\Obq_Hair.h(719): warning C4244: 'initializing' : conversion from 'double' to 'float', possible loss of data
     1>d:\local\madesjardins\obq_shaders\obq_arnold_shaders_git\obq_arnold_shaders-master\src\Obq_Hair.h(722): warning C4244: 'initializing' : conversion from 'double' to 'float', possible loss of data
     1>d:\local\madesjardins\obq_shaders\obq_arnold_shaders_git\obq_arnold_shaders-master\src\Obq_Hair.h(735): warning C4244: 'initializing' : conversion from 'double' to 'float', possible loss of data
     1>d:\local\madesjardins\obq_shaders\obq_arnold_shaders_git\obq_arnold_shaders-master\src\Obq_Hair.h(738): warning C4244: 'initializing' : conversion from 'double' to 'float', possible loss of data
     1>d:\local\madesjardins\obq_shaders\obq_arnold_shaders_git\obq_arnold_shaders-master\src\Obq_Hair.h(750): warning C4244: 'initializing' : conversion from 'double' to 'float', possible loss of data
     1>d:\local\madesjardins\obq_shaders\obq_arnold_shaders_git\obq_arnold_shaders-master\src\Obq_Hair.h(753): warning C4244: 'initializing' : conversion from 'double' to 'float', possible loss of data
     1>d:\local\madesjardins\obq_shaders\obq_arnold_shaders_git\obq_arnold_shaders-master\src\Obq_Hair.h(766): warning C4244: 'initializing' : conversion from 'double' to 'float', possible loss of data
     1>d:\local\madesjardins\obq_shaders\obq_arnold_shaders_git\obq_arnold_shaders-master\src\Obq_Hair.h(782): warning C4244: 'initializing' : conversion from 'double' to 'float', possible loss of data
     1>d:\local\madesjardins\obq_shaders\obq_arnold_shaders_git\obq_arnold_shaders-master\src\Obq_Hair.h(1273): warning C4996: 'sprintf': This function or variable may be unsafe. Consider using sprintf_s instead. To disable deprecation, use _CRT_SECURE_NO_WARNINGS. See online help for details.
                 C:\Program Files (x86)\Microsoft Visual Studio 10.0\VC\include\stdio.h(371) : see declaration of 'sprintf'
     1>d:\local\madesjardins\obq_shaders\obq_arnold_shaders_git\obq_arnold_shaders-master\src\Obq_Hair.h(1336): warning C4996: 'sprintf': This function or variable may be unsafe. Consider using sprintf_s instead. To disable deprecation, use _CRT_SECURE_NO_WARNINGS. See online help for details.
                 C:\Program Files (x86)\Microsoft Visual Studio 10.0\VC\include\stdio.h(371) : see declaration of 'sprintf'
     1>d:\local\madesjardins\obq_shaders\obq_arnold_shaders_git\obq_arnold_shaders-master\src\Obq_Hair.h(1440): warning C4996: 'sprintf': This function or variable may be unsafe. Consider using sprintf_s instead. To disable deprecation, use _CRT_SECURE_NO_WARNINGS. See online help for details.
                 C:\Program Files (x86)\Microsoft Visual Studio 10.0\VC\include\stdio.h(371) : see declaration of 'sprintf'
     1>d:\local\madesjardins\obq_shaders\obq_arnold_shaders_git\obq_arnold_shaders-master\src\Obq_Hair.h(1465): warning C4996: 'sprintf': This function or variable may be unsafe. Consider using sprintf_s instead. To disable deprecation, use _CRT_SECURE_NO_WARNINGS. See online help for details.
                 C:\Program Files (x86)\Microsoft Visual Studio 10.0\VC\include\stdio.h(371) : see declaration of 'sprintf'
     1>d:\local\madesjardins\obq_shaders\obq_arnold_shaders_git\obq_arnold_shaders-master\src\Obq_Hair.h(1505): warning C4996: 'sprintf': This function or variable may be unsafe. Consider using sprintf_s instead. To disable deprecation, use _CRT_SECURE_NO_WARNINGS. See online help for details.
                 C:\Program Files (x86)\Microsoft Visual Studio 10.0\VC\include\stdio.h(371) : see declaration of 'sprintf'
     1>d:\local\madesjardins\obq_shaders\obq_arnold_shaders_git\obq_arnold_shaders-master\src\Obq_Hair.h(2071): warning C4996: 'sprintf': This function or variable may be unsafe. Consider using sprintf_s instead. To disable deprecation, use _CRT_SECURE_NO_WARNINGS. See online help for details.
                 C:\Program Files (x86)\Microsoft Visual Studio 10.0\VC\include\stdio.h(371) : see declaration of 'sprintf'
     1>d:\local\madesjardins\obq_shaders\obq_arnold_shaders_git\obq_arnold_shaders-master\src\Obq_Hair.h(2137): warning C4996: 'sprintf': This function or variable may be unsafe. Consider using sprintf_s instead. To disable deprecation, use _CRT_SECURE_NO_WARNINGS. See online help for details.
                 C:\Program Files (x86)\Microsoft Visual Studio 10.0\VC\include\stdio.h(371) : see declaration of 'sprintf'
     1>..\src\Obq_Hair.cpp(146): warning C4244: 'argument' : conversion from 'time_t' to 'unsigned int', possible loss of data
     1>..\src\Obq_Hair.cpp(212): warning C4996: 'sprintf': This function or variable may be unsafe. Consider using sprintf_s instead. To disable deprecation, use _CRT_SECURE_NO_WARNINGS. See online help for details.
                 C:\Program Files (x86)\Microsoft Visual Studio 10.0\VC\include\stdio.h(371) : see declaration of 'sprintf'
     1>..\src\Obq_Hair.cpp(224): warning C4996: 'sprintf': This function or variable may be unsafe. Consider using sprintf_s instead. To disable deprecation, use _CRT_SECURE_NO_WARNINGS. See online help for details.
                 C:\Program Files (x86)\Microsoft Visual Studio 10.0\VC\include\stdio.h(371) : see declaration of 'sprintf'
     1>..\src\Obq_Hair.cpp(250): warning C4996: 'sprintf': This function or variable may be unsafe. Consider using sprintf_s instead. To disable deprecation, use _CRT_SECURE_NO_WARNINGS. See online help for details.
                 C:\Program Files (x86)\Microsoft Visual Studio 10.0\VC\include\stdio.h(371) : see declaration of 'sprintf'
     1>..\src\Obq_Hair.cpp(288): warning C4996: 'sprintf': This function or variable may be unsafe. Consider using sprintf_s instead. To disable deprecation, use _CRT_SECURE_NO_WARNINGS. See online help for details.
                 C:\Program Files (x86)\Microsoft Visual Studio 10.0\VC\include\stdio.h(371) : see declaration of 'sprintf'
     1>..\src\Obq_Hair.cpp(295): warning C4996: 'sprintf': This function or variable may be unsafe. Consider using sprintf_s instead. To disable deprecation, use _CRT_SECURE_NO_WARNINGS. See online help for details.
                 C:\Program Files (x86)\Microsoft Visual Studio 10.0\VC\include\stdio.h(371) : see declaration of 'sprintf'
         Obq_IESLightFilter.cpp
         Obq_MeasuredMaterial.cpp
     1>d:\local\madesjardins\obq_shaders\obq_arnold_shaders_git\obq_arnold_shaders-master\src\Obq_BrdfRead.h(357): warning C4996: 'fopen': This function or variable may be unsafe. Consider using fopen_s instead. To disable deprecation, use _CRT_SECURE_NO_WARNINGS. See online help for details.
                 C:\Program Files (x86)\Microsoft Visual Studio 10.0\VC\include\stdio.h(234) : see declaration of 'fopen'
         Obq_Opacity.cpp
         Obq_RandomColor.cpp
         Obq_RGBComEmit.cpp
         Obq_RGBComLightFilter.cpp
         Obq_Root2Tip.cpp
         Obq_Shaders.cpp
     1>..\src\Obq_Shaders.cpp(245): warning C4996: 'sprintf': This function or variable may be unsafe. Consider using sprintf_s instead. To disable deprecation, use _CRT_SECURE_NO_WARNINGS. See online help for details.
                 C:\Program Files (x86)\Microsoft Visual Studio 10.0\VC\include\stdio.h(371) : see declaration of 'sprintf'
         Obq_Shadow.cpp
         Obq_StereoLens.cpp
         Obq_SurfaceEnvironment.cpp
         Obq_Thickness.cpp
         Compiling...
         Obq_TransformUV.cpp
         Obq_UVRemapLensDistortion.cpp
     1>D:\local\madesjardins\Obq_Shaders\OBQ_ARNOLD_SHADERS_GIT\Obq_Arnold_Shaders-master\src\ldpk/ldpk_error.h(111): warning C4996: 'strncpy': This function or variable may be unsafe. Consider using strncpy_s instead. To disable deprecation, use _CRT_SECURE_NO_WARNINGS. See online help for details.
                 C:\Program Files (x86)\Microsoft Visual Studio 10.0\VC\include\string.h(188) : see declaration of 'strncpy'
         Obq_VolumeThickness.cpp
         spectrum.cpp
       Link:
         C:\Program Files (x86)\Microsoft Visual Studio 10.0\VC\bin\x86_amd64\link.exe /ERRORREPORT:PROMPT /OUT:"..\bin\Obq_Shaders_v210__Lite.dll" /INCREMENTAL:NO /NOLOGO /LIBPATH:"D:\local\madesjardins\Arnold\Arnold-4.0.16.2-windows\lib" /LIBPATH:..\lib ai.lib /MANIFEST /ManifestFile:"x64\Release\Obq_Shaders_v210__Lite.dll.intermediate.manifest" /MANIFESTUAC:"level='asInvoker' uiAccess='false'" /DEBUG /PDB:"x64\Release\Obq_Shaders_v210__Lite.pdb" /SUBSYSTEM:WINDOWS /OPT:REF /OPT:ICF /LTCG /TLBID:1 /DYNAMICBASE /NXCOMPAT /IMPLIB:"..\bin\Obq_Shaders_v210__Lite.lib" /MACHINE:X64 /DLL x64\Release\ObqISBrdf.obj
         x64\Release\Obq_AngularCamera.obj
         x64\Release\Obq_Atmosphere.obj
         x64\Release\Obq_Bend4Stereo.obj
         x64\Release\Obq_ChangeRange.obj
         x64\Release\Obq_Environment.obj
         x64\Release\Obq_Fresnel.obj
         x64\Release\Obq_Hair.obj
         x64\Release\Obq_IESLightFilter.obj
         x64\Release\Obq_MeasuredMaterial.obj
         x64\Release\Obq_Opacity.obj
         x64\Release\Obq_RandomColor.obj
         x64\Release\Obq_RGBComEmit.obj
         x64\Release\Obq_RGBComLightFilter.obj
         x64\Release\Obq_Root2Tip.obj
         x64\Release\Obq_Shaders.obj
         x64\Release\Obq_Shadow.obj
         x64\Release\Obq_StereoLens.obj
         x64\Release\Obq_SurfaceEnvironment.obj
         x64\Release\Obq_Thickness.obj
         x64\Release\Obq_TransformUV.obj
         x64\Release\Obq_UVRemapLensDistortion.obj
         x64\Release\Obq_VolumeThickness.obj
         x64\Release\spectrum.obj
            Creating library ..\bin\Obq_Shaders_v210__Lite.lib and object ..\bin\Obq_Shaders_v210__Lite.exp
         Generating code
         Finished generating code
         Obq_Shaders.vcxproj -> D:\local\madesjardins\Obq_Shaders\OBQ_ARNOLD_SHADERS_GIT\Obq_Arnold_Shaders-master\win_VC++\..\bin\Obq_Shaders_v210__Lite.dll
       Manifest:
         C:\Program Files\Microsoft SDKs\Windows\v7.1\bin\mt.exe /nologo /verbose /outputresource:"..\bin\Obq_Shaders_v210__Lite.dll;#2" /manifest x64\Release\Obq_Shaders_v210__Lite.dll.intermediate.manifest
       PostBuildEvent:
         del /F /Q x64\Release\*.*
         :VCEnd
         D:\local\madesjardins\Obq_Shaders\OBQ_ARNOLD_SHADERS_GIT\Obq_Arnold_Shaders-master\win_VC++\x64\Release\Obq_Shaders.log
         The process cannot access the file because it is being used by another process.
     1>Done Building Project "D:\local\madesjardins\Obq_Shaders\OBQ_ARNOLD_SHADERS_GIT\Obq_Arnold_Shaders-master\win_VC++\Obq_Shaders.vcxproj" (build target(s)).

Build succeeded.

Time Elapsed 00:00:07.85
