D:\LOCAL\MADESJARDINS\OBQ_SHADERS\OBQ_SOURCES\BIN\OBQ_SHADERS_V206B.DLL
D:\local\madesjardins\Obq_Shaders\OBQ_SOURCES\bin\Obq_Shaders_v206b.exp
D:\local\madesjardins\Obq_Shaders\OBQ_SOURCES\bin\Obq_Shaders_v206b.lib
D:\LOCAL\MADESJARDINS\OBQ_SHADERS\OBQ_SOURCES\BIN\OBQ_SHADERS_V207A.DLL
D:\local\madesjardins\Obq_Shaders\OBQ_SOURCES\bin\Obq_Shaders_v207a.exp
D:\local\madesjardins\Obq_Shaders\OBQ_SOURCES\bin\Obq_Shaders_v207a.lib
D:\LOCAL\MADESJARDINS\OBQ_SHADERS\OBQ_SOURCES\BIN\OBQ_SHADERS_V207A.PDB
D:\LOCAL\MADESJARDINS\OBQ_SHADERS\OBQ_SOURCES\WIN_VC++\X64\RELEASE\OBQ_ANGULARCAMERA.OBJ
D:\LOCAL\MADESJARDINS\OBQ_SHADERS\OBQ_SOURCES\WIN_VC++\X64\RELEASE\OBQ_ATMOSPHERE.OBJ
D:\LOCAL\MADESJARDINS\OBQ_SHADERS\OBQ_SOURCES\WIN_VC++\X64\RELEASE\OBQ_BEND4STEREO.OBJ
D:\LOCAL\MADESJARDINS\OBQ_SHADERS\OBQ_SOURCES\WIN_VC++\X64\RELEASE\OBQ_CHANGERANGE.OBJ
D:\LOCAL\MADESJARDINS\OBQ_SHADERS\OBQ_SOURCES\WIN_VC++\X64\RELEASE\OBQ_ENVIRONMENT.OBJ
D:\LOCAL\MADESJARDINS\OBQ_SHADERS\OBQ_SOURCES\WIN_VC++\X64\RELEASE\OBQ_FRESNEL.OBJ
D:\LOCAL\MADESJARDINS\OBQ_SHADERS\OBQ_SOURCES\WIN_VC++\X64\RELEASE\OBQ_IESLIGHTFILTER.OBJ
D:\LOCAL\MADESJARDINS\OBQ_SHADERS\OBQ_SOURCES\WIN_VC++\X64\RELEASE\OBQ_OPACITY.OBJ
D:\LOCAL\MADESJARDINS\OBQ_SHADERS\OBQ_SOURCES\WIN_VC++\X64\RELEASE\OBQ_RANDOMCOLOR.OBJ
D:\LOCAL\MADESJARDINS\OBQ_SHADERS\OBQ_SOURCES\WIN_VC++\X64\RELEASE\OBQ_RGBCOMEMIT.OBJ
D:\LOCAL\MADESJARDINS\OBQ_SHADERS\OBQ_SOURCES\WIN_VC++\X64\RELEASE\OBQ_RGBCOMLIGHTFILTER.OBJ
D:\LOCAL\MADESJARDINS\OBQ_SHADERS\OBQ_SOURCES\WIN_VC++\X64\RELEASE\OBQ_SHADERS.OBJ
D:\LOCAL\MADESJARDINS\OBQ_SHADERS\OBQ_SOURCES\WIN_VC++\X64\RELEASE\OBQ_SHADERS_V206B.DLL.INTERMEDIATE.MANIFEST
D:\LOCAL\MADESJARDINS\OBQ_SHADERS\OBQ_SOURCES\WIN_VC++\X64\RELEASE\OBQ_SHADERS_V207A.DLL.INTERMEDIATE.MANIFEST
D:\LOCAL\MADESJARDINS\OBQ_SHADERS\OBQ_SOURCES\WIN_VC++\X64\RELEASE\OBQ_SIMBIONT.OBJ
D:\LOCAL\MADESJARDINS\OBQ_SHADERS\OBQ_SOURCES\WIN_VC++\X64\RELEASE\OBQ_STEREOLENS.OBJ
D:\LOCAL\MADESJARDINS\OBQ_SHADERS\OBQ_SOURCES\WIN_VC++\X64\RELEASE\OBQ_SURFACEENVIRONMENT.OBJ
D:\LOCAL\MADESJARDINS\OBQ_SHADERS\OBQ_SOURCES\WIN_VC++\X64\RELEASE\OBQ_THICKNESS.OBJ
D:\LOCAL\MADESJARDINS\OBQ_SHADERS\OBQ_SOURCES\WIN_VC++\X64\RELEASE\OBQ_TRANSFORMUV.OBJ
D:\LOCAL\MADESJARDINS\OBQ_SHADERS\OBQ_SOURCES\WIN_VC++\X64\RELEASE\OBQ_UVREMAPLENSDISTORTION.OBJ
D:\LOCAL\MADESJARDINS\OBQ_SHADERS\OBQ_SOURCES\WIN_VC++\X64\RELEASE\OBQ_VOLUMETHICKNESS.OBJ
D:\LOCAL\MADESJARDINS\OBQ_SHADERS\OBQ_SOURCES\WIN_VC++\X64\RELEASE\SPECTRUM.OBJ
D:\LOCAL\MADESJARDINS\OBQ_SHADERS\OBQ_SOURCES\WIN_VC++\X64\RELEASE\VCWINDOWS7.1SDK.PDB
D:\local\madesjardins\Obq_Shaders\OBQ_SOURCES_GIT\win_VC++\..\bin\Obq_Shaders_v207a.dll
D:\local\madesjardins\Obq_Shaders\OBQ_SOURCES_GIT\win_VC++\x64\Release\cl.command.1.tlog
D:\local\madesjardins\Obq_Shaders\OBQ_SOURCES_GIT\win_VC++\x64\Release\CL.read.1.tlog
D:\local\madesjardins\Obq_Shaders\OBQ_SOURCES_GIT\win_VC++\x64\Release\CL.write.1.tlog
D:\local\madesjardins\Obq_Shaders\OBQ_SOURCES_GIT\win_VC++\x64\Release\link.command.1.tlog
D:\local\madesjardins\Obq_Shaders\OBQ_SOURCES_GIT\win_VC++\x64\Release\link.read.1.tlog
D:\local\madesjardins\Obq_Shaders\OBQ_SOURCES_GIT\win_VC++\x64\Release\link.write.1.tlog
D:\local\madesjardins\Obq_Shaders\OBQ_SOURCES_GIT\win_VC++\x64\Release\mt.command.1.tlog
D:\local\madesjardins\Obq_Shaders\OBQ_SOURCES_GIT\win_VC++\x64\Release\mt.read.1.tlog
D:\local\madesjardins\Obq_Shaders\OBQ_SOURCES_GIT\win_VC++\x64\Release\mt.write.1.tlog
D:\local\madesjardins\Obq_Shaders\OBQ_SOURCES_GIT\win_VC++\x64\Release\Obq_AngularCamera.obj
D:\local\madesjardins\Obq_Shaders\OBQ_SOURCES_GIT\win_VC++\x64\Release\Obq_Atmosphere.obj
D:\local\madesjardins\Obq_Shaders\OBQ_SOURCES_GIT\win_VC++\x64\Release\Obq_Bend4Stereo.obj
D:\local\madesjardins\Obq_Shaders\OBQ_SOURCES_GIT\win_VC++\x64\Release\Obq_ChangeRange.obj
D:\local\madesjardins\Obq_Shaders\OBQ_SOURCES_GIT\win_VC++\x64\Release\Obq_Environment.obj
D:\local\madesjardins\Obq_Shaders\OBQ_SOURCES_GIT\win_VC++\x64\Release\Obq_Fresnel.obj
D:\local\madesjardins\Obq_Shaders\OBQ_SOURCES_GIT\win_VC++\x64\Release\Obq_IESLightFilter.obj
D:\local\madesjardins\Obq_Shaders\OBQ_SOURCES_GIT\win_VC++\x64\Release\Obq_Opacity.obj
D:\local\madesjardins\Obq_Shaders\OBQ_SOURCES_GIT\win_VC++\x64\Release\Obq_RandomColor.obj
D:\local\madesjardins\Obq_Shaders\OBQ_SOURCES_GIT\win_VC++\x64\Release\Obq_RGBComEmit.obj
D:\local\madesjardins\Obq_Shaders\OBQ_SOURCES_GIT\win_VC++\x64\Release\Obq_RGBComLightFilter.obj
D:\local\madesjardins\Obq_Shaders\OBQ_SOURCES_GIT\win_VC++\x64\Release\Obq_Shaders.obj
D:\local\madesjardins\Obq_Shaders\OBQ_SOURCES_GIT\win_VC++\x64\Release\Obq_Shaders.write.1.tlog
D:\local\madesjardins\Obq_Shaders\OBQ_SOURCES_GIT\win_VC++\x64\Release\Obq_Shaders_v206b.dll.intermediate.manifest
D:\local\madesjardins\Obq_Shaders\OBQ_SOURCES_GIT\win_VC++\x64\Release\Obq_Shaders_v207a.dll.intermediate.manifest
D:\local\madesjardins\Obq_Shaders\OBQ_SOURCES_GIT\win_VC++\x64\Release\Obq_Simbiont.obj
D:\local\madesjardins\Obq_Shaders\OBQ_SOURCES_GIT\win_VC++\x64\Release\Obq_StereoLens.obj
D:\local\madesjardins\Obq_Shaders\OBQ_SOURCES_GIT\win_VC++\x64\Release\Obq_SurfaceEnvironment.obj
D:\local\madesjardins\Obq_Shaders\OBQ_SOURCES_GIT\win_VC++\x64\Release\Obq_Thickness.obj
D:\local\madesjardins\Obq_Shaders\OBQ_SOURCES_GIT\win_VC++\x64\Release\Obq_TransformUV.obj
D:\local\madesjardins\Obq_Shaders\OBQ_SOURCES_GIT\win_VC++\x64\Release\Obq_UVRemapLensDistortion.obj
D:\local\madesjardins\Obq_Shaders\OBQ_SOURCES_GIT\win_VC++\x64\Release\Obq_VolumeThickness.obj
D:\local\madesjardins\Obq_Shaders\OBQ_SOURCES_GIT\win_VC++\x64\Release\spectrum.obj
D:\local\madesjardins\Obq_Shaders\OBQ_SOURCES_GIT\win_VC++\x64\Release\vcwindows7.1sdk.pdb
