Build started 02/06/2015 11:39:17 PM.
     1>Project "F:\VS_Projects\Obq_Shaders\win_VC++\Obq_Simbiont\Obq_Simbiont.vcxproj" on node 3 (build target(s)).
     1>InitializeBuildStatus:
         Creating "x64\Release_v303\Obq_Simbiont.unsuccessfulbuild" because "AlwaysCreate" was specified.
       ClCompile:
         C:\Program Files (x86)\Microsoft Visual Studio 10.0\VC\bin\x86_amd64\CL.exe /c /I"F:\Arnold\Arnold-4.2.2.0-windows\include" /IF:\Softwares\glm /I..\..\src /I..\..\src\dte /I..\..\src\ldpk /I..\..\src\pbrt /I..\..\src\yafaray /Zi /nologo /W3 /WX- /O2 /Oi /GL /D WIN32 /D NDEBUG /D _WINDOWS /D _USRDLL /D OBQ_SIMBIONT_EXPORTS /D _CRT_SECURE_NO_WARNINGS /D _WINDLL /D _UNICODE /D UNICODE /Gm- /EHsc /MD /GS /Gy /fp:precise /Zc:wchar_t /Zc:forScope /Fo"x64\Release_v303\\" /Fd"x64\Release_v303\vcWindows7.1SDK.pdb" /Gd /TP /errorReport:prompt ..\..\src\Obq_Simbiont.cpp
         Obq_Simbiont.cpp
       Link:
         C:\Program Files (x86)\Microsoft Visual Studio 10.0\VC\bin\x86_amd64\link.exe /ERRORREPORT:PROMPT /OUT:"..\..\bin\v303\Obq_Simbiont__v303.dll" /INCREMENTAL:NO /NOLOGO /LIBPATH:"F:\Arnold\Arnold-4.2.2.0-windows\lib" /LIBPATH:..\..\lib ai.lib dte_2600_64.lib /MANIFEST /ManifestFile:"x64\Release_v303\Obq_Simbiont__v303.dll.intermediate.manifest" /MANIFESTUAC:"level='asInvoker' uiAccess='false'" /PDB:"x64\Release_v303\Obq_Simbiont__v303.pdb" /SUBSYSTEM:WINDOWS /OPT:REF /OPT:ICF /LTCG /TLBID:1 /DYNAMICBASE /NXCOMPAT /IMPLIB:"..\..\bin\v303\Obq_Simbiont__v303.lib" /MACHINE:X64 /DLL x64\Release_v303\Obq_Simbiont.obj
            Creating library ..\..\bin\v303\Obq_Simbiont__v303.lib and object ..\..\bin\v303\Obq_Simbiont__v303.exp
         Generating code
         Finished generating code
         Obq_Simbiont.vcxproj -> F:\VS_Projects\Obq_Shaders\win_VC++\Obq_Simbiont\..\..\bin\v303\Obq_Simbiont__v303.dll
       Manifest:
         C:\Program Files\Microsoft SDKs\Windows\v7.1\bin\mt.exe /nologo /verbose /outputresource:"..\..\bin\v303\Obq_Simbiont__v303.dll;#2" /manifest x64\Release_v303\Obq_Simbiont__v303.dll.intermediate.manifest
       PostBuildEvent:
         del /F /Q x64\Release_v303\*.* ..\..\bin\v303\*.lib ..\..\bin\v303\*.exp
         :VCEnd
         F:\VS_Projects\Obq_Shaders\win_VC++\Obq_Simbiont\x64\Release_v303\Obq_Simbiont.log
         The process cannot access the file because it is being used by another process.
     1>Done Building Project "F:\VS_Projects\Obq_Shaders\win_VC++\Obq_Simbiont\Obq_Simbiont.vcxproj" (build target(s)).

Build succeeded.

Time Elapsed 00:00:01.24
